<?xml version="1.0" encoding="UTF-8"?>
<testng-results ignored="0" total="1" passed="1" failed="0" skipped="0">
  <reporter-output>
    <line>
      <![CDATA[<div "result">the user is on Google home Page (PASSED : 4s)</div>]]>
    </line>
    <line>
      <![CDATA[<div "result">the user enters &quot;Iphone X&quot; and hits search button (PASSED : 2s)</div>]]>
    </line>
    <line>
      <![CDATA[<div "result">the user should able to see the result of the search (PASSED : 0s)</div>]]>
    </line>
  </reporter-output>
  <suite started-at="2018-09-21T04:01:14Z" name="Default suite" finished-at="2018-09-21T04:01:21Z" duration-ms="7120">
    <groups>
      <group name="cucumber">
        <method signature="AbstractTestNGCucumberTests.runScenario(cucumber.api.testng.PickleEventWrapper, cucumber.api.testng.CucumberFeatureWrapper)[pri:0, instance:runner.CukesRunner@5136d012]" name="runScenario" class="cucumber.api.testng.AbstractTestNGCucumberTests"/>
      </group> <!-- cucumber -->
    </groups>
    <test started-at="2018-09-21T04:01:14Z" name="Default test" finished-at="2018-09-21T04:01:21Z" duration-ms="7120">
      <class name="runner.CukesRunner">
        <test-method is-config="true" signature="setUpClass()[pri:0, instance:runner.CukesRunner@5136d012]" started-at="2018-09-21T04:01:14Z" name="setUpClass" finished-at="2018-09-21T04:01:14Z" duration-ms="206" status="PASS">
          <reporter-output>
          </reporter-output>
        </test-method> <!-- setUpClass -->
        <test-method signature="runScenario(cucumber.api.testng.PickleEventWrapper, cucumber.api.testng.CucumberFeatureWrapper)[pri:0, instance:runner.CukesRunner@5136d012]" started-at="2018-09-21T04:01:15Z" name="runScenario" description="Runs Cucumber Scenarios" data-provider="scenarios" finished-at="2018-09-21T04:01:21Z" duration-ms="6772" status="PASS">
          <params>
            <param index="0">
              <value>
                <![CDATA["Search for Iphone X on Google"]]>
              </value>
            </param>
            <param index="1">
              <value>
                <![CDATA["Searching on Google"]]>
              </value>
            </param>
          </params>
          <reporter-output>
            <line>
              <![CDATA[<div "result">the user is on Google home Page (PASSED : 4s)</div>]]>
            </line>
            <line>
              <![CDATA[<div "result">the user enters &quot;Iphone X&quot; and hits search button (PASSED : 2s)</div>]]>
            </line>
            <line>
              <![CDATA[<div "result">the user should able to see the result of the search (PASSED : 0s)</div>]]>
            </line>
          </reporter-output>
        </test-method> <!-- runScenario -->
        <test-method is-config="true" signature="tearDownClass()[pri:0, instance:runner.CukesRunner@5136d012]" started-at="2018-09-21T04:01:21Z" name="tearDownClass" finished-at="2018-09-21T04:01:21Z" duration-ms="23" status="PASS">
          <reporter-output>
          </reporter-output>
        </test-method> <!-- tearDownClass -->
      </class> <!-- runner.CukesRunner -->
    </test> <!-- Default test -->
  </suite> <!-- Default suite -->
</testng-results>
