<?xml version="1.0" encoding="UTF-8"?>
<!-- Generated by org.testng.reporters.JUnitXMLReporter -->
<testsuite ignored="2" hostname="admins-MBP" failures="0" tests="2" name="Exmple Feature file" time="5.999" errors="0" timestamp="19 Sep 2018 03:51:42 GMT">
  <testcase classname="runner.API_Test" name="getProfileService" time="1.547"/>
  <testcase classname="cucumber.api.testng.AbstractTestNGCucumberTests" name="runScenario" time="4.144"/>
  <testcase classname="runner.API_Test" name="postProfileService" time="0.0">
    <ignored/>
  </testcase> <!-- postProfileService -->
  <testcase classname="runner.API_Test" name="JsonConvert" time="0.0">
    <ignored/>
  </testcase> <!-- JsonConvert -->
</testsuite> <!-- Exmple Feature file -->
